2025-05-07 23:59:35 [] [http-nio-8080-exec-4] INFO  com.example.provide_vaccine_services.controller.LoginServlet - User is attempting to log in with OAuth, provider: null
2025-05-07 23:59:35 [] [http-nio-8080-exec-4] INFO  com.example.provide_vaccine_services.controller.LoginServlet - User is attempting to log in with OAuth, provider: null
2025-05-07 23:59:35 [] [http-nio-8080-exec-4] INFO  com.example.provide_vaccine_services.controller.LoginServlet - No OAuth code received, redirecting to login page.
2025-05-07 23:59:35 [] [http-nio-8080-exec-4] INFO  com.example.provide_vaccine_services.controller.LoginServlet - No OAuth code received, redirecting to login page.
2025-05-08 00:01:56 [] [http-nio-8080-exec-6] INFO  com.example.provide_vaccine_services.controller.LoginServlet - moved to login page
2025-05-08 00:01:56 [] [http-nio-8080-exec-6] INFO  com.example.provide_vaccine_services.controller.LoginServlet - moved to login page
2025-05-08 00:01:56 [] [http-nio-8080-exec-6] INFO  com.example.provide_vaccine_services.controller.LoginServlet - No OAuth code received, redirecting to login page.
2025-05-08 00:01:56 [] [http-nio-8080-exec-6] INFO  com.example.provide_vaccine_services.controller.LoginServlet - No OAuth code received, redirecting to login page.
2025-05-08 00:10:57 [] [http-nio-8080-exec-4] INFO  com.example.provide_vaccine_services.controller.LoginServlet - moved to login page
2025-05-08 00:10:57 [] [http-nio-8080-exec-4] INFO  com.example.provide_vaccine_services.controller.LoginServlet - moved to login page
2025-05-08 00:10:57 [] [http-nio-8080-exec-4] INFO  com.example.provide_vaccine_services.controller.LoginServlet - No OAuth code received, redirecting to login page.
2025-05-08 00:10:57 [] [http-nio-8080-exec-4] INFO  com.example.provide_vaccine_services.controller.LoginServlet - No OAuth code received, redirecting to login page.
2025-05-08 23:10:41 [] [http-nio-8080-exec-10] INFO  com.example.provide_vaccine_services.controller.LoginServlet - nguoi dung truy cap trang login
2025-05-08 23:10:41 [] [http-nio-8080-exec-10] INFO  com.example.provide_vaccine_services.controller.LoginServlet - nguoi dung truy cap trang login
2025-05-09 00:09:06 [] [http-nio-8080-exec-7] INFO  com.example.provide_vaccine_services.controller.LoginServlet - nguoi dung truy cap trang login
2025-05-09 00:09:06 [] [http-nio-8080-exec-7] INFO  com.example.provide_vaccine_services.controller.LoginServlet - nguoi dung truy cap trang login
2025-05-09 02:03:02 [] [] [http-nio-8080-exec-4] INFO  com.example.provide_vaccine_services.controller.LoginServlet - nguoi dung truy cap trang login
2025-05-09 02:05:34 [] [] [http-nio-8080-exec-4] INFO  com.example.provide_vaccine_services.controller.LoginServlet - nguoi dung truy cap trang login
2025-05-09 11:55:48 [] [] [http-nio-8080-exec-4] INFO  com.example.provide_vaccine_services.controller.LoginServlet - nguoi dung truy cap trang login
2025-05-09 11:58:59 [] [] [http-nio-8080-exec-4] INFO  com.example.provide_vaccine_services.controller.LoginServlet - moved to login page
2025-05-09 11:58:59 [] [] [http-nio-8080-exec-4] INFO  com.example.provide_vaccine_services.controller.LoginServlet - No OAuth code received, redirecting to login page.
2025-05-09 12:21:26 [] [] [http-nio-8080-exec-7] INFO  com.example.provide_vaccine_services.controller.LoginServlet - moved to login page
2025-05-09 12:21:26 [] [] [http-nio-8080-exec-7] INFO  com.example.provide_vaccine_services.controller.LoginServlet - No OAuth code received, redirecting to login page.
2025-05-09 12:24:07 [] [] [http-nio-8080-exec-6] INFO  com.example.provide_vaccine_services.controller.LoginServlet - moved to login page
2025-05-09 12:24:07 [] [] [http-nio-8080-exec-6] INFO  com.example.provide_vaccine_services.controller.LoginServlet - No OAuth code received, redirecting to login page.
2025-05-09 13:17:04 [http-nio-8080-exec-12] INFO  com.example.provide_vaccine_services.controller.LoginServlet - User: null | IP: 0:0:0:0:0:0:0:1 - moved to login page
2025-05-09 13:17:04 [http-nio-8080-exec-12] INFO  com.example.provide_vaccine_services.controller.LoginServlet - No OAuth code received, redirecting to login page.
2025-05-09 14:49:00 [http-nio-8080-exec-17] INFO  com.example.provide_vaccine_services.controller.LoginServlet - User: null | IP: 0:0:0:0:0:0:0:1 - moved to login page
2025-05-09 14:49:00 [http-nio-8080-exec-17] INFO  com.example.provide_vaccine_services.controller.LoginServlet - No OAuth code received, redirecting to login page.
2025-05-09 14:53:26 [http-nio-8080-exec-11] INFO  com.example.provide_vaccine_services.controller.LoginServlet - User: null | IP: 0:0:0:0:0:0:0:1 - moved to login page
2025-05-09 14:53:26 [http-nio-8080-exec-11] INFO  com.example.provide_vaccine_services.controller.LoginServlet - No OAuth code received, redirecting to login page.
2025-05-09 15:03:19 [http-nio-8080-exec-24] INFO  com.example.provide_vaccine_services.controller.LoginServlet - User: null | IP: 0:0:0:0:0:0:0:1 - moved to login page
2025-05-09 15:03:19 [http-nio-8080-exec-24] INFO  com.example.provide_vaccine_services.controller.LoginServlet - No OAuth code received, redirecting to login page.
2025-05-09 15:05:39 [http-nio-8080-exec-31] INFO  com.example.provide_vaccine_services.controller.LoginServlet - User: null | IP: 0:0:0:0:0:0:0:1 - moved to login page
2025-05-09 15:05:39 [http-nio-8080-exec-31] INFO  com.example.provide_vaccine_services.controller.LoginServlet - No OAuth code received, redirecting to login page.
2025-05-09 15:05:40 [http-nio-8080-exec-27] ERROR com.example.provide_vaccine_services.controller.LoginServlet - Failed login attempt for username: 72 | IP: 0:0:0:0:0:0:0:1
2025-05-09 15:05:42 [http-nio-8080-exec-32] ERROR com.example.provide_vaccine_services.controller.LoginServlet - Failed login attempt for username: 72 | IP: 0:0:0:0:0:0:0:1
2025-05-09 15:05:44 [http-nio-8080-exec-29] ERROR com.example.provide_vaccine_services.controller.LoginServlet - Failed login attempt for username: 72 | IP: 0:0:0:0:0:0:0:1
2025-05-09 15:05:44 [http-nio-8080-exec-21] ERROR com.example.provide_vaccine_services.controller.LoginServlet - Failed login attempt for username: 72 | IP: 0:0:0:0:0:0:0:1
2025-05-09 15:05:44 [http-nio-8080-exec-33] ERROR com.example.provide_vaccine_services.controller.LoginServlet - Failed login attempt for username: 72 | IP: 0:0:0:0:0:0:0:1
2025-05-09 15:05:44 [http-nio-8080-exec-35] ERROR com.example.provide_vaccine_services.controller.LoginServlet - Failed login attempt for username: 72 | IP: 0:0:0:0:0:0:0:1
2025-05-09 15:21:36 [http-nio-8080-exec-46] INFO  com.example.provide_vaccine_services.controller.LoginServlet - User: null | IP: 0:0:0:0:0:0:0:1 - moved to login page
2025-05-09 15:21:36 [http-nio-8080-exec-46] INFO  com.example.provide_vaccine_services.controller.LoginServlet - No OAuth code received, redirecting to login page.
2025-05-09 15:21:39 [http-nio-8080-exec-45] ERROR com.example.provide_vaccine_services.controller.LoginServlet - Failed login attempt for username: 72 | IP: 0:0:0:0:0:0:0:1
2025-05-09 15:23:06 [http-nio-8080-exec-50] INFO  com.example.provide_vaccine_services.controller.LoginServlet - User: null | IP: 0:0:0:0:0:0:0:1 - moved to login page
2025-05-09 15:23:06 [http-nio-8080-exec-50] INFO  com.example.provide_vaccine_services.controller.LoginServlet - No OAuth code received, redirecting to login page.
2025-05-09 15:23:07 [http-nio-8080-exec-51] ERROR com.example.provide_vaccine_services.controller.LoginServlet - Failed login attempt for username: 72 | IP: 0:0:0:0:0:0:0:1
2025-05-09 15:24:59 [http-nio-8080-exec-54] ERROR com.example.provide_vaccine_services.controller.LoginServlet - Failed login attempt for username: 32 | IP: 0:0:0:0:0:0:0:1
2025-05-09 15:28:24 [http-nio-8080-exec-57] ERROR com.example.provide_vaccine_services.controller.LoginServlet - Failed login attempt for username: 32 | IP: 0:0:0:0:0:0:0:1
2025-05-09 15:28:50 [http-nio-8080-exec-50] INFO  com.example.provide_vaccine_services.controller.LoginServlet - User: 0703035425 | IP: 0:0:0:0:0:0:0:1 - User sss logged in successfully, redirecting to the homepage.
2025-05-09 15:43:52 [http-nio-8080-exec-70] INFO  com.example.provide_vaccine_services.controller.LoginServlet - User: null | IP: 0:0:0:0:0:0:0:1 - moved to login page
2025-05-09 15:43:52 [http-nio-8080-exec-70] INFO  com.example.provide_vaccine_services.controller.LoginServlet - No OAuth code received, redirecting to login page.
2025-05-09 15:43:54 [http-nio-8080-exec-71] ERROR com.example.provide_vaccine_services.controller.LoginServlet - Failed login attempt for username: 72 | IP: 0:0:0:0:0:0:0:1
2025-05-09 15:44:03 [http-nio-8080-exec-72] INFO  com.example.provide_vaccine_services.controller.LoginServlet - User: 0703035425 | IP: 0:0:0:0:0:0:0:1 - User sss logged in successfully, redirecting to the homepage.
2025-05-09 18:33:13 [http-nio-8080-exec-6] INFO  com.example.provide_vaccine_services.controller.LoginServlet - User: null | IP: 0:0:0:0:0:0:0:1 - moved to login page
2025-05-09 18:33:13 [http-nio-8080-exec-6] INFO  com.example.provide_vaccine_services.controller.LoginServlet - No OAuth code received, redirecting to login page.
2025-05-09 18:33:15 [http-nio-8080-exec-7] ERROR com.example.provide_vaccine_services.controller.LoginServlet - Failed login attempt for username: 72 | IP: 0:0:0:0:0:0:0:1
2025-05-09 18:33:25 [http-nio-8080-exec-8] INFO  com.example.provide_vaccine_services.controller.LoginServlet - Admin User: 0703035425 | IP: 0:0:0:0:0:0:0:1 - Admin sss tai khoan chua xac thuc,he thong gui email xac thuc
2025-05-09 18:34:39 [http-nio-8080-exec-1] INFO  com.example.provide_vaccine_services.controller.LoginServlet - Admin User: 0703035425 | IP: 0:0:0:0:0:0:0:1 - Admin sss tai khoan chua xac thuc,he thong gui email xac thuc
2025-05-09 18:43:20 [http-nio-8080-exec-10] INFO  com.example.provide_vaccine_services.controller.LoginServlet - User: null | IP: 0:0:0:0:0:0:0:1 - moved to login page
2025-05-09 18:43:20 [http-nio-8080-exec-10] INFO  com.example.provide_vaccine_services.controller.LoginServlet - No OAuth code received, redirecting to login page.
2025-05-09 18:49:51 [http-nio-8080-exec-6] INFO  com.example.provide_vaccine_services.controller.LoginServlet - User: null | IP: 0:0:0:0:0:0:0:1 - moved to login page
2025-05-09 18:49:51 [http-nio-8080-exec-6] INFO  com.example.provide_vaccine_services.controller.LoginServlet - No OAuth code received, redirecting to login page.
2025-05-09 18:50:03 [http-nio-8080-exec-7] INFO  com.example.provide_vaccine_services.controller.LoginServlet - User: 0703035425 | IP: 0:0:0:0:0:0:0:1 - User sss logged in successfully, redirecting to the homepage.
2025-05-11 01:25:41 [http-nio-8080-exec-1] INFO  com.example.provide_vaccine_services.controller.LoginServlet - User: null | IP: 0:0:0:0:0:0:0:1 - moved to login page
2025-05-11 01:25:41 [http-nio-8080-exec-1] INFO  com.example.provide_vaccine_services.controller.LoginServlet - No OAuth code received, redirecting to login page.
2025-05-11 01:26:26 [http-nio-8080-exec-7] INFO  com.example.provide_vaccine_services.controller.LoginServlet - User: 0703035425 | IP: 0:0:0:0:0:0:0:1 - User sss tai khoan chu xac thuc,he thong gui link xac thuc qua email
2025-05-11 01:27:58 [http-nio-8080-exec-7] INFO  com.example.provide_vaccine_services.controller.LoginServlet - User: null | IP: 0:0:0:0:0:0:0:1 - moved to login page
2025-05-11 01:27:58 [http-nio-8080-exec-7] INFO  com.example.provide_vaccine_services.controller.LoginServlet - No OAuth code received, redirecting to login page.
2025-05-11 02:37:17 [http-nio-8080-exec-7] INFO  com.example.provide_vaccine_services.controller.LoginServlet - User: null | IP: 0:0:0:0:0:0:0:1 - moved to login page
2025-05-11 02:37:17 [http-nio-8080-exec-7] INFO  com.example.provide_vaccine_services.controller.LoginServlet - No OAuth code received, redirecting to login page.
2025-05-11 02:37:32 [http-nio-8080-exec-9] INFO  com.example.provide_vaccine_services.controller.LoginServlet - User: 0703035425 | IP: 0:0:0:0:0:0:0:1 - User sss tai khoan chu xac thuc,he thong gui link xac thuc qua email
2025-05-11 02:37:57 [http-nio-8080-exec-8] INFO  com.example.provide_vaccine_services.controller.LoginServlet - User: 0703035425 | IP: 0:0:0:0:0:0:0:1 - User sss logged in successfully, redirecting to the homepage.
2025-05-11 02:58:50 [http-nio-8080-exec-19] INFO  com.example.provide_vaccine_services.controller.LoginServlet - User: null | IP: 0:0:0:0:0:0:0:1 - moved to login page
2025-05-11 02:58:50 [http-nio-8080-exec-19] INFO  com.example.provide_vaccine_services.controller.LoginServlet - No OAuth code received, redirecting to login page.
2025-05-11 03:13:35 [http-nio-8080-exec-20] INFO  com.example.provide_vaccine_services.controller.LoginServlet - User: null | IP: 0:0:0:0:0:0:0:1 - moved to login page
2025-05-11 03:13:35 [http-nio-8080-exec-20] INFO  com.example.provide_vaccine_services.controller.LoginServlet - No OAuth code received, redirecting to login page.
2025-05-11 03:48:02 [http-nio-8080-exec-22] INFO  com.example.provide_vaccine_services.controller.LoginServlet - User: null | IP: 0:0:0:0:0:0:0:1 - moved to login page
2025-05-11 03:48:02 [http-nio-8080-exec-22] INFO  com.example.provide_vaccine_services.controller.LoginServlet - No OAuth code received, redirecting to login page.
2025-05-11 03:48:12 [http-nio-8080-exec-23] INFO  com.example.provide_vaccine_services.controller.LoginServlet - Admin User: 0703035425 | IP: 0:0:0:0:0:0:0:1 - Admin sss logged in successfully, redirecting to the admin dashboard.
2025-05-11 03:54:46 [http-nio-8080-exec-7] INFO  com.example.provide_vaccine_services.controller.LoginServlet - User: null | IP: 0:0:0:0:0:0:0:1 - moved to login page
2025-05-11 03:54:46 [http-nio-8080-exec-7] INFO  com.example.provide_vaccine_services.controller.LoginServlet - No OAuth code received, redirecting to login page.
2025-05-11 03:54:54 [http-nio-8080-exec-8] INFO  com.example.provide_vaccine_services.controller.LoginServlet - Admin User: 0703035425 | IP: 0:0:0:0:0:0:0:1 - Admin sss logged in successfully, redirecting to the admin dashboard.
2025-05-11 22:22:40 [http-nio-8080-exec-4] INFO  com.example.provide_vaccine_services.controller.LoginServlet - User: null | IP: 0:0:0:0:0:0:0:1 - moved to login page
2025-05-11 22:22:40 [http-nio-8080-exec-4] INFO  com.example.provide_vaccine_services.controller.LoginServlet - No OAuth code received, redirecting to login page.
2025-05-11 22:23:51 [http-nio-8080-exec-9] ERROR com.example.provide_vaccine_services.controller.LoginServlet - Failed login attempt for username: 72 | IP: 0:0:0:0:0:0:0:1
2025-05-11 22:24:00 [http-nio-8080-exec-4] INFO  com.example.provide_vaccine_services.controller.LoginServlet - User: null | IP: 0:0:0:0:0:0:0:1 - moved to login page
2025-05-11 22:24:00 [http-nio-8080-exec-4] INFO  com.example.provide_vaccine_services.controller.LoginServlet - No OAuth code received, redirecting to login page.
2025-05-11 22:24:03 [http-nio-8080-exec-14] INFO  com.example.provide_vaccine_services.controller.LoginServlet - User: null | IP: 0:0:0:0:0:0:0:1 - moved to login page
2025-05-11 22:24:03 [http-nio-8080-exec-14] INFO  com.example.provide_vaccine_services.controller.LoginServlet - No OAuth code received, redirecting to login page.
2025-05-11 22:24:04 [http-nio-8080-exec-8] ERROR com.example.provide_vaccine_services.controller.LoginServlet - Failed login attempt for username: 72 | IP: 0:0:0:0:0:0:0:1
2025-05-11 22:24:40 [http-nio-8080-exec-5] ERROR com.example.provide_vaccine_services.controller.LoginServlet - Failed login attempt for username: 123456789 | IP: 0:0:0:0:0:0:0:1
2025-05-11 22:25:27 [http-nio-8080-exec-4] INFO  com.example.provide_vaccine_services.controller.LoginServlet - User: null | IP: 0:0:0:0:0:0:0:1 - moved to login page
2025-05-11 22:25:27 [http-nio-8080-exec-4] INFO  com.example.provide_vaccine_services.controller.LoginServlet - No OAuth code received, redirecting to login page.
2025-05-11 22:25:53 [http-nio-8080-exec-8] ERROR com.example.provide_vaccine_services.controller.LoginServlet - Failed login attempt for username: 4563 | IP: 0:0:0:0:0:0:0:1
2025-05-11 22:43:07 [http-nio-8080-exec-6] INFO  com.example.provide_vaccine_services.controller.LoginServlet - User: null | IP: 0:0:0:0:0:0:0:1 - moved to login page
2025-05-11 22:43:07 [http-nio-8080-exec-6] INFO  com.example.provide_vaccine_services.controller.LoginServlet - No OAuth code received, redirecting to login page.
2025-05-11 22:43:09 [http-nio-8080-exec-7] ERROR com.example.provide_vaccine_services.controller.LoginServlet - Failed login attempt for username: 72 | IP: 0:0:0:0:0:0:0:1
2025-05-11 22:43:10 [http-nio-8080-exec-8] ERROR com.example.provide_vaccine_services.controller.LoginServlet - Failed login attempt for username: 72 | IP: 0:0:0:0:0:0:0:1
2025-05-11 22:43:11 [http-nio-8080-exec-9] ERROR com.example.provide_vaccine_services.controller.LoginServlet - Failed login attempt for username: 72 | IP: 0:0:0:0:0:0:0:1
2025-05-11 22:43:11 [http-nio-8080-exec-10] ERROR com.example.provide_vaccine_services.controller.LoginServlet - Failed login attempt for username: 72 | IP: 0:0:0:0:0:0:0:1
2025-05-11 22:43:12 [http-nio-8080-exec-2] ERROR com.example.provide_vaccine_services.controller.LoginServlet - Failed login attempt for username: 72 | IP: 0:0:0:0:0:0:0:1
2025-05-11 22:43:12 [http-nio-8080-exec-3] ERROR com.example.provide_vaccine_services.controller.LoginServlet - Failed login attempt for username: 72 | IP: 0:0:0:0:0:0:0:1
2025-05-11 22:43:13 [http-nio-8080-exec-1] ERROR com.example.provide_vaccine_services.controller.LoginServlet - Failed login attempt for username: 72 | IP: 0:0:0:0:0:0:0:1
2025-05-11 22:43:13 [http-nio-8080-exec-5] ERROR com.example.provide_vaccine_services.controller.LoginServlet - Failed login attempt for username: 72 | IP: 0:0:0:0:0:0:0:1
2025-05-11 22:43:13 [http-nio-8080-exec-4] ERROR com.example.provide_vaccine_services.controller.LoginServlet - Failed login attempt for username: 72 | IP: 0:0:0:0:0:0:0:1
2025-05-11 22:43:13 [http-nio-8080-exec-6] ERROR com.example.provide_vaccine_services.controller.LoginServlet - Failed login attempt for username: 72 | IP: 0:0:0:0:0:0:0:1
2025-05-11 22:43:13 [http-nio-8080-exec-7] ERROR com.example.provide_vaccine_services.controller.LoginServlet - Failed login attempt for username: 72 | IP: 0:0:0:0:0:0:0:1
2025-05-11 22:43:14 [http-nio-8080-exec-8] ERROR com.example.provide_vaccine_services.controller.LoginServlet - Failed login attempt for username: 72 | IP: 0:0:0:0:0:0:0:1
2025-05-11 22:43:14 [http-nio-8080-exec-9] ERROR com.example.provide_vaccine_services.controller.LoginServlet - Failed login attempt for username: 72 | IP: 0:0:0:0:0:0:0:1
2025-05-11 22:43:14 [http-nio-8080-exec-10] ERROR com.example.provide_vaccine_services.controller.LoginServlet - Failed login attempt for username: 72 | IP: 0:0:0:0:0:0:0:1
2025-05-11 22:43:14 [http-nio-8080-exec-2] ERROR com.example.provide_vaccine_services.controller.LoginServlet - Failed login attempt for username: 72 | IP: 0:0:0:0:0:0:0:1
2025-05-11 22:43:19 [http-nio-8080-exec-3] ERROR com.example.provide_vaccine_services.controller.LoginServlet - Failed login attempt for username: 72 | IP: 0:0:0:0:0:0:0:1
2025-05-11 22:43:59 [http-nio-8080-exec-4] ERROR com.example.provide_vaccine_services.controller.LoginServlet - Failed login attempt for username: 0703035425 | IP: 0:0:0:0:0:0:0:1
2025-05-11 22:44:00 [http-nio-8080-exec-6] ERROR com.example.provide_vaccine_services.controller.LoginServlet - Failed login attempt for username: 0703035425 | IP: 0:0:0:0:0:0:0:1
2025-05-11 22:44:00 [http-nio-8080-exec-7] ERROR com.example.provide_vaccine_services.controller.LoginServlet - Failed login attempt for username: 0703035425 | IP: 0:0:0:0:0:0:0:1
2025-05-11 22:44:00 [http-nio-8080-exec-8] ERROR com.example.provide_vaccine_services.controller.LoginServlet - Failed login attempt for username: 0703035425 | IP: 0:0:0:0:0:0:0:1
2025-05-11 22:44:00 [http-nio-8080-exec-9] ERROR com.example.provide_vaccine_services.controller.LoginServlet - Failed login attempt for username: 0703035425 | IP: 0:0:0:0:0:0:0:1
2025-05-11 22:44:01 [http-nio-8080-exec-10] ERROR com.example.provide_vaccine_services.controller.LoginServlet - Failed login attempt for username: 0703035425 | IP: 0:0:0:0:0:0:0:1
2025-05-11 22:44:01 [http-nio-8080-exec-2] ERROR com.example.provide_vaccine_services.controller.LoginServlet - Failed login attempt for username: 0703035425 | IP: 0:0:0:0:0:0:0:1
2025-05-11 22:44:01 [http-nio-8080-exec-3] ERROR com.example.provide_vaccine_services.controller.LoginServlet - Failed login attempt for username: 0703035425 | IP: 0:0:0:0:0:0:0:1
2025-05-11 22:44:01 [http-nio-8080-exec-1] ERROR com.example.provide_vaccine_services.controller.LoginServlet - Failed login attempt for username: 0703035425 | IP: 0:0:0:0:0:0:0:1
2025-05-11 22:44:01 [http-nio-8080-exec-5] ERROR com.example.provide_vaccine_services.controller.LoginServlet - Failed login attempt for username: 0703035425 | IP: 0:0:0:0:0:0:0:1
2025-05-11 22:44:02 [http-nio-8080-exec-4] ERROR com.example.provide_vaccine_services.controller.LoginServlet - Failed login attempt for username: 0703035425 | IP: 0:0:0:0:0:0:0:1
2025-05-11 22:44:02 [http-nio-8080-exec-6] ERROR com.example.provide_vaccine_services.controller.LoginServlet - Failed login attempt for username: 0703035425 | IP: 0:0:0:0:0:0:0:1
2025-05-11 22:45:33 [http-nio-8080-exec-10] INFO  com.example.provide_vaccine_services.controller.LoginServlet - User: null | IP: 0:0:0:0:0:0:0:1 - moved to login page
2025-05-11 22:45:33 [http-nio-8080-exec-10] INFO  com.example.provide_vaccine_services.controller.LoginServlet - No OAuth code received, redirecting to login page.
2025-05-11 22:45:37 [http-nio-8080-exec-3] ERROR com.example.provide_vaccine_services.controller.LoginServlet - Failed login attempt for username: 123 | IP: 0:0:0:0:0:0:0:1
2025-05-11 22:45:38 [http-nio-8080-exec-1] ERROR com.example.provide_vaccine_services.controller.LoginServlet - Failed login attempt for username: 123 | IP: 0:0:0:0:0:0:0:1
2025-05-11 22:45:39 [http-nio-8080-exec-5] ERROR com.example.provide_vaccine_services.controller.LoginServlet - Failed login attempt for username: 123 | IP: 0:0:0:0:0:0:0:1
2025-05-11 22:45:39 [http-nio-8080-exec-4] ERROR com.example.provide_vaccine_services.controller.LoginServlet - Failed login attempt for username: 123 | IP: 0:0:0:0:0:0:0:1
2025-05-11 22:45:39 [http-nio-8080-exec-6] ERROR com.example.provide_vaccine_services.controller.LoginServlet - Failed login attempt for username: 123 | IP: 0:0:0:0:0:0:0:1
2025-05-11 22:45:40 [http-nio-8080-exec-7] ERROR com.example.provide_vaccine_services.controller.LoginServlet - Failed login attempt for username: 123 | IP: 0:0:0:0:0:0:0:1
2025-05-11 22:45:40 [http-nio-8080-exec-8] ERROR com.example.provide_vaccine_services.controller.LoginServlet - Failed login attempt for username: 123 | IP: 0:0:0:0:0:0:0:1
2025-05-11 22:45:40 [http-nio-8080-exec-9] ERROR com.example.provide_vaccine_services.controller.LoginServlet - Failed login attempt for username: 123 | IP: 0:0:0:0:0:0:0:1
2025-05-11 22:45:41 [http-nio-8080-exec-10] ERROR com.example.provide_vaccine_services.controller.LoginServlet - Failed login attempt for username: 123 | IP: 0:0:0:0:0:0:0:1
2025-05-11 22:45:41 [http-nio-8080-exec-2] ERROR com.example.provide_vaccine_services.controller.LoginServlet - Failed login attempt for username: 123 | IP: 0:0:0:0:0:0:0:1
2025-05-11 22:45:41 [http-nio-8080-exec-3] ERROR com.example.provide_vaccine_services.controller.LoginServlet - Failed login attempt for username: 123 | IP: 0:0:0:0:0:0:0:1
2025-05-11 22:50:08 [http-nio-8080-exec-6] INFO  com.example.provide_vaccine_services.controller.LoginServlet - User: null | IP: 0:0:0:0:0:0:0:1 - moved to login page
2025-05-11 22:50:08 [http-nio-8080-exec-6] INFO  com.example.provide_vaccine_services.controller.LoginServlet - No OAuth code received, redirecting to login page.
2025-05-11 22:52:46 [http-nio-8080-exec-3] INFO  com.example.provide_vaccine_services.controller.LoginServlet - User: null | IP: 0:0:0:0:0:0:0:1 - moved to login page
2025-05-11 22:52:46 [http-nio-8080-exec-3] INFO  com.example.provide_vaccine_services.controller.LoginServlet - No OAuth code received, redirecting to login page.
2025-05-11 22:54:09 [http-nio-8080-exec-4] INFO  com.example.provide_vaccine_services.controller.LoginServlet - User: null | IP: 0:0:0:0:0:0:0:1 - moved to login page
2025-05-11 22:54:09 [http-nio-8080-exec-4] INFO  com.example.provide_vaccine_services.controller.LoginServlet - No OAuth code received, redirecting to login page.
2025-05-11 22:54:18 [http-nio-8080-exec-7] INFO  com.example.provide_vaccine_services.controller.LoginServlet - User: null | IP: 0:0:0:0:0:0:0:1 - moved to login page
2025-05-11 22:54:18 [http-nio-8080-exec-7] INFO  com.example.provide_vaccine_services.controller.LoginServlet - No OAuth code received, redirecting to login page.
2025-05-11 22:58:41 [http-nio-8080-exec-4] INFO  com.example.provide_vaccine_services.controller.LoginServlet - User: null | IP: 0:0:0:0:0:0:0:1 - moved to login page
2025-05-11 22:58:41 [http-nio-8080-exec-4] INFO  com.example.provide_vaccine_services.controller.LoginServlet - No OAuth code received, redirecting to login page.
2025-05-11 23:00:35 [http-nio-8080-exec-6] INFO  com.example.provide_vaccine_services.controller.LoginServlet - User: null | IP: 0:0:0:0:0:0:0:1 - moved to login page
2025-05-11 23:00:35 [http-nio-8080-exec-6] INFO  com.example.provide_vaccine_services.controller.LoginServlet - No OAuth code received, redirecting to login page.
2025-05-11 23:03:30 [http-nio-8080-exec-4] INFO  com.example.provide_vaccine_services.controller.LoginServlet - User: null | IP: 0:0:0:0:0:0:0:1 - moved to login page
2025-05-11 23:03:30 [http-nio-8080-exec-4] INFO  com.example.provide_vaccine_services.controller.LoginServlet - No OAuth code received, redirecting to login page.
2025-05-11 23:10:27 [http-nio-8080-exec-4] INFO  com.example.provide_vaccine_services.controller.LoginServlet - User: null | IP: 0:0:0:0:0:0:0:1 - moved to login page
2025-05-11 23:10:27 [http-nio-8080-exec-4] INFO  com.example.provide_vaccine_services.controller.LoginServlet - No OAuth code received, redirecting to login page.
2025-05-11 23:11:53 [http-nio-8080-exec-4] INFO  com.example.provide_vaccine_services.controller.LoginServlet - User: null | IP: 0:0:0:0:0:0:0:1 - moved to login page
2025-05-11 23:11:53 [http-nio-8080-exec-4] INFO  com.example.provide_vaccine_services.controller.LoginServlet - No OAuth code received, redirecting to login page.
2025-05-11 23:12:03 [http-nio-8080-exec-5] INFO  com.example.provide_vaccine_services.controller.LoginServlet - User: null | IP: 0:0:0:0:0:0:0:1 - moved to login page
2025-05-11 23:12:03 [http-nio-8080-exec-5] INFO  com.example.provide_vaccine_services.controller.LoginServlet - No OAuth code received, redirecting to login page.
